Reading C:/modeltech64_10.7/tcl/vsim/pref.tcl

# 10.7

# do {C:\Users\Ali\OneDrive\Desktop\AssertionsAnalyzer\AssertionFailureAnalyzer\Designs\run_logs\questa\20260227_010123\design_39\run.do}
# Model Technology ModelSim SE-64 vmap 10.7 Lib Mapping Utility 2017.12 Dec  7 2017
# vmap work C:/Users/Ali/OneDrive/Desktop/AssertionsAnalyzer/AssertionFailureAnalyzer/Designs/run_logs/questa/20260227_010123/design_39/work 
# Modifying C:/modeltech64_10.7/win64/../modelsim.ini
# Model Technology ModelSim SE-64 vlog 10.7 Compiler 2017.12 Dec  7 2017
# Start time: 01:04:03 on Feb 27,2026
# vlog -sv -vopt C:/Users/Ali/OneDrive/Desktop/AssertionsAnalyzer/AssertionFailureAnalyzer/Designs/design_39/src/design_39.v 
# -- Compiling module design_39
# 
# Top level modules:
# 	design_39
# End time: 01:04:03 on Feb 27,2026, Elapsed time: 0:00:00
# Errors: 0, Warnings: 0
# Model Technology ModelSim SE-64 vlog 10.7 Compiler 2017.12 Dec  7 2017
# Start time: 01:04:03 on Feb 27,2026
# vlog -sv -vopt C:/Users/Ali/OneDrive/Desktop/AssertionsAnalyzer/AssertionFailureAnalyzer/Designs/design_39/tb/tb_design_39.sv 
# -- Compiling module tb_design_39
# 
# Top level modules:
# 	tb_design_39
# End time: 01:04:03 on Feb 27,2026, Elapsed time: 0:00:00
# Errors: 0, Warnings: 0
# vsim -c -onfinish exit tb_design_39 -do "run -all; quit -f" 
# Start time: 01:04:03 on Feb 27,2026
# ** Note: (vsim-3812) Design is being optimized...
# //  ModelSim SE-64 10.7 Dec  7 2017
# //
# //  Copyright 1991-2017 Mentor Graphics Corporation
# //  All Rights Reserved.
# //
# //  ModelSim SE-64 and its associated documentation contain trade
# //  secrets and commercial or financial information that are the property of
# //  Mentor Graphics Corporation and are privileged, confidential,
# //  and exempt from disclosure under the Freedom of Information Act,
# //  5 U.S.C. Section 552. Furthermore, this information
# //  is prohibited from disclosure under the Trade Secrets Act,
# //  18 U.S.C. Section 1905.
# //
# Loading sv_std.std
# Loading work.tb_design_39(fast)
# run -all
# ** Error: latency/valid bug
#    Time: 55 ns Started: 45 ns  Scope: tb_design_39 File: C:/Users/Ali/OneDrive/Desktop/AssertionsAnalyzer/AssertionFailureAnalyzer/Designs/design_39/tb/tb_design_39.sv Line: 52
# ** Error: datapath mismatch
#    Time: 65 ns Started: 65 ns  Scope: tb_design_39 File: C:/Users/Ali/OneDrive/Desktop/AssertionsAnalyzer/AssertionFailureAnalyzer/Designs/design_39/tb/tb_design_39.sv Line: 57
# ** Error: latency/valid bug
#    Time: 95 ns Started: 85 ns  Scope: tb_design_39 File: C:/Users/Ali/OneDrive/Desktop/AssertionsAnalyzer/AssertionFailureAnalyzer/Designs/design_39/tb/tb_design_39.sv Line: 52
# ** Error: datapath mismatch
#    Time: 105 ns Started: 105 ns  Scope: tb_design_39 File: C:/Users/Ali/OneDrive/Desktop/AssertionsAnalyzer/AssertionFailureAnalyzer/Designs/design_39/tb/tb_design_39.sv Line: 57
# ** Error: latency/valid bug
#    Time: 135 ns Started: 125 ns  Scope: tb_design_39 File: C:/Users/Ali/OneDrive/Desktop/AssertionsAnalyzer/AssertionFailureAnalyzer/Designs/design_39/tb/tb_design_39.sv Line: 52
# ** Error: datapath mismatch
#    Time: 145 ns Started: 145 ns  Scope: tb_design_39 File: C:/Users/Ali/OneDrive/Desktop/AssertionsAnalyzer/AssertionFailureAnalyzer/Designs/design_39/tb/tb_design_39.sv Line: 57
# ** Error: latency/valid bug
#    Time: 175 ns Started: 165 ns  Scope: tb_design_39 File: C:/Users/Ali/OneDrive/Desktop/AssertionsAnalyzer/AssertionFailureAnalyzer/Designs/design_39/tb/tb_design_39.sv Line: 52
# ** Error: datapath mismatch
#    Time: 185 ns Started: 185 ns  Scope: tb_design_39 File: C:/Users/Ali/OneDrive/Desktop/AssertionsAnalyzer/AssertionFailureAnalyzer/Designs/design_39/tb/tb_design_39.sv Line: 57
# ** Error: latency/valid bug
#    Time: 215 ns Started: 205 ns  Scope: tb_design_39 File: C:/Users/Ali/OneDrive/Desktop/AssertionsAnalyzer/AssertionFailureAnalyzer/Designs/design_39/tb/tb_design_39.sv Line: 52
# ** Error: datapath mismatch
#    Time: 225 ns Started: 225 ns  Scope: tb_design_39 File: C:/Users/Ali/OneDrive/Desktop/AssertionsAnalyzer/AssertionFailureAnalyzer/Designs/design_39/tb/tb_design_39.sv Line: 57
# ** Error: latency/valid bug
#    Time: 255 ns Started: 245 ns  Scope: tb_design_39 File: C:/Users/Ali/OneDrive/Desktop/AssertionsAnalyzer/AssertionFailureAnalyzer/Designs/design_39/tb/tb_design_39.sv Line: 52
# ** Error: datapath mismatch
#    Time: 265 ns Started: 265 ns  Scope: tb_design_39 File: C:/Users/Ali/OneDrive/Desktop/AssertionsAnalyzer/AssertionFailureAnalyzer/Designs/design_39/tb/tb_design_39.sv Line: 57
# ** Error: latency/valid bug
#    Time: 295 ns Started: 285 ns  Scope: tb_design_39 File: C:/Users/Ali/OneDrive/Desktop/AssertionsAnalyzer/AssertionFailureAnalyzer/Designs/design_39/tb/tb_design_39.sv Line: 52
# ** Error: datapath mismatch
#    Time: 305 ns Started: 305 ns  Scope: tb_design_39 File: C:/Users/Ali/OneDrive/Desktop/AssertionsAnalyzer/AssertionFailureAnalyzer/Designs/design_39/tb/tb_design_39.sv Line: 57
# ** Error: latency/valid bug
#    Time: 335 ns Started: 325 ns  Scope: tb_design_39 File: C:/Users/Ali/OneDrive/Desktop/AssertionsAnalyzer/AssertionFailureAnalyzer/Designs/design_39/tb/tb_design_39.sv Line: 52
# ** Error: datapath mismatch
#    Time: 345 ns Started: 345 ns  Scope: tb_design_39 File: C:/Users/Ali/OneDrive/Desktop/AssertionsAnalyzer/AssertionFailureAnalyzer/Designs/design_39/tb/tb_design_39.sv Line: 57
# ** Error: latency/valid bug
#    Time: 375 ns Started: 365 ns  Scope: tb_design_39 File: C:/Users/Ali/OneDrive/Desktop/AssertionsAnalyzer/AssertionFailureAnalyzer/Designs/design_39/tb/tb_design_39.sv Line: 52
# ** Error: datapath mismatch
#    Time: 385 ns Started: 385 ns  Scope: tb_design_39 File: C:/Users/Ali/OneDrive/Desktop/AssertionsAnalyzer/AssertionFailureAnalyzer/Designs/design_39/tb/tb_design_39.sv Line: 57
# ** Error: latency/valid bug
#    Time: 415 ns Started: 405 ns  Scope: tb_design_39 File: C:/Users/Ali/OneDrive/Desktop/AssertionsAnalyzer/AssertionFailureAnalyzer/Designs/design_39/tb/tb_design_39.sv Line: 52
# ** Error: datapath mismatch
#    Time: 425 ns Started: 425 ns  Scope: tb_design_39 File: C:/Users/Ali/OneDrive/Desktop/AssertionsAnalyzer/AssertionFailureAnalyzer/Designs/design_39/tb/tb_design_39.sv Line: 57
# ** Note: $finish    : C:/Users/Ali/OneDrive/Desktop/AssertionsAnalyzer/AssertionFailureAnalyzer/Designs/design_39/tb/tb_design_39.sv(41)
#    Time: 475 ns  Iteration: 1  Instance: /tb_design_39
# End time: 01:04:05 on Feb 27,2026, Elapsed time: 0:00:02
# Errors: 20, Warnings: 0
